<?xml version="1.0" encoding="UTF-8"?>
<!-- Generated by org.testng.reporters.JUnitReportReporter -->
<testsuite hostname="LAPTOP-P40ORJNQ" failures="0" tests="3" name="com.SwagLab.Test.CheckoutPageTest" time="1.120" errors="0" timestamp="2022-09-19T13:30:35 IST" skipped="0">
  <testcase classname="com.SwagLab.Test.CheckoutPageTest" name="docompleteCheckout" time="0.940"/>
  <system-out/>
  <testcase classname="com.SwagLab.Test.CheckoutPageTest" name="gotoDescription" time="0.124"/>
  <system-out/>
  <testcase classname="com.SwagLab.Test.CheckoutPageTest" name="resultTest" time="0.056"/>
  <system-out/>
</testsuite> <!-- com.SwagLab.Test.CheckoutPageTest -->
