<?xml version="1.0" encoding="UTF-8"?>
<!-- Generated by org.testng.reporters.JUnitReportReporter -->
<testsuite hostname="LAPTOP-P40ORJNQ" failures="0" tests="4" name="com.SwagLab.Test.ProductPageTest" time="0.515" errors="0" timestamp="2022-09-12T14:10:58 IST" skipped="0">
  <testcase classname="com.SwagLab.Test.ProductPageTest" name="productPageTitle" time="0.030"/>
  <system-out/>
  <testcase classname="com.SwagLab.Test.ProductPageTest" name="productPageCurrentUrl" time="0.026"/>
  <system-out/>
  <testcase classname="com.SwagLab.Test.ProductPageTest" name="TotalProduct" time="0.045"/>
  <system-out/>
  <testcase classname="com.SwagLab.Test.ProductPageTest" name="SelectProduct" time="0.414"/>
  <system-out/>
</testsuite> <!-- com.SwagLab.Test.ProductPageTest -->
