<?xml version="1.0" encoding="UTF-8"?>
<!-- Generated by org.testng.reporters.JUnitReportReporter -->
<testsuite hostname="LAPTOP-P40ORJNQ" failures="0" tests="3" name="com.SwagLab.Test.AddtocartPageTest" time="0.740" errors="0" timestamp="2022-09-12T19:17:57 IST" skipped="0">
  <testcase classname="com.SwagLab.Test.AddtocartPageTest" name="addtocartPageTest" time="0.061"/>
  <system-out/>
  <testcase classname="com.SwagLab.Test.AddtocartPageTest" name="addtocartpageUrl" time="0.058"/>
  <system-out/>
  <testcase classname="com.SwagLab.Test.AddtocartPageTest" name="docheckOut" time="0.621"/>
  <system-out/>
</testsuite> <!-- com.SwagLab.Test.AddtocartPageTest -->
