<?xml version="1.0" encoding="UTF-8"?>
<!-- Generated by org.testng.reporters.JUnitReportReporter -->
<testsuite hostname="LAPTOP-P40ORJNQ" failures="0" tests="1" name="com.SwagLab.Test.ExtentReportDemo" time="45.314" errors="0" timestamp="2022-09-19T13:19:43 IST" skipped="0">
  <testcase classname="com.SwagLab.Test.ExtentReportDemo" name="testCase" time="45.314"/>
  <system-out/>
</testsuite> <!-- com.SwagLab.Test.ExtentReportDemo -->
