<?xml version="1.0" encoding="UTF-8"?>
<!-- Generated by org.testng.reporters.JUnitReportReporter -->
<testsuite hostname="LAPTOP-P40ORJNQ" failures="0" tests="1" name="com.SwagLab.Test.TraditionalTest" time="36.846" errors="0" timestamp="2022-09-11T14:25:06 IST" skipped="0">
  <testcase classname="com.SwagLab.Test.TraditionalTest" name="login" time="36.846"/>
  <system-out/>
</testsuite> <!-- com.SwagLab.Test.TraditionalTest -->
