<?xml version="1.0" encoding="UTF-8"?>
<!-- Generated by org.testng.reporters.JUnitReportReporter -->
<testsuite hostname="LAPTOP-P40ORJNQ" failures="0" tests="3" name="com.SwagLab.Test.LoginPageTest" time="2.065" errors="0" timestamp="2022-09-18T11:56:06 IST" skipped="0">
  <testcase classname="com.SwagLab.Test.LoginPageTest" name="loginTest" time="1.988"/>
  <system-out/>
  <testcase classname="com.SwagLab.Test.LoginPageTest" name="loginPageTitle" time="0.028"/>
  <system-out/>
  <testcase classname="com.SwagLab.Test.LoginPageTest" name="loginpageCurrentUrl" time="0.049"/>
  <system-out/>
</testsuite> <!-- com.SwagLab.Test.LoginPageTest -->
